Build started 4/26/2015 2:43:08 PM.
     1>Project "F:\Scanner_C\ConsoleApplication1\ConsoleApplication1\ConsoleApplication1.vcxproj" on node 2 (Build target(s)).
     1>ClCompile:
         D:\Visual Studio Run\VC\bin\CL.exe /c /ZI /nologo /W3 /WX- /sdl /Od /Oy- /D WIN32 /D _DEBUG /D _CONSOLE /D _LIB /D _UNICODE /D UNICODE /Gm /EHsc /RTC1 /MDd /GS /fp:precise /Zc:wchar_t /Zc:forScope /Fo"Debug\\" /Fd"Debug\vc120.pdb" /Gd /TP /analyze- /errorReport:prompt Scanner.cpp
         Scanner.cpp
     1>f:\scanner_c\consoleapplication1\consoleapplication1\scanner.cpp(26): warning C4018: '<' : signed/unsigned mismatch
     1>f:\scanner_c\consoleapplication1\consoleapplication1\scanner.cpp(153): warning C4018: '<=' : signed/unsigned mismatch
     1>f:\scanner_c\consoleapplication1\consoleapplication1\scanner.cpp(268): warning C4018: '<' : signed/unsigned mismatch
     1>f:\scanner_c\consoleapplication1\consoleapplication1\scanner.cpp(289): warning C4018: '<' : signed/unsigned mismatch
     1>f:\scanner_c\consoleapplication1\consoleapplication1\scanner.cpp(310): warning C4018: '<' : signed/unsigned mismatch
     1>f:\scanner_c\consoleapplication1\consoleapplication1\scanner.cpp(340): warning C4018: '<' : signed/unsigned mismatch
     1>f:\scanner_c\consoleapplication1\consoleapplication1\scanner.cpp(505): warning C4018: '<' : signed/unsigned mismatch
     1>f:\scanner_c\consoleapplication1\consoleapplication1\scanner.cpp(533): warning C4018: '<' : signed/unsigned mismatch
     1>f:\scanner_c\consoleapplication1\consoleapplication1\scanner.cpp(587): warning C4018: '<' : signed/unsigned mismatch
     1>f:\scanner_c\consoleapplication1\consoleapplication1\scanner.cpp(600): warning C4018: '<' : signed/unsigned mismatch
     1>f:\scanner_c\consoleapplication1\consoleapplication1\scanner.cpp(637): warning C4018: '<' : signed/unsigned mismatch
     1>f:\scanner_c\consoleapplication1\consoleapplication1\scanner.cpp(650): warning C4018: '<' : signed/unsigned mismatch
     1>f:\scanner_c\consoleapplication1\consoleapplication1\scanner.cpp(663): warning C4018: '<' : signed/unsigned mismatch
     1>f:\scanner_c\consoleapplication1\consoleapplication1\scanner.cpp(685): warning C4018: '<' : signed/unsigned mismatch
     1>f:\scanner_c\consoleapplication1\consoleapplication1\scanner.cpp(754): warning C4018: '>=' : signed/unsigned mismatch
       Link:
         D:\Visual Studio Run\VC\bin\link.exe /ERRORREPORT:PROMPT /OUT:"F:\Scanner_C\ConsoleApplication1\Debug\ConsoleApplication1.exe" /INCREMENTAL /NOLOGO kernel32.lib user32.lib gdi32.lib winspool.lib comdlg32.lib advapi32.lib shell32.lib ole32.lib oleaut32.lib uuid.lib odbc32.lib odbccp32.lib /MANIFEST /MANIFESTUAC:"level='asInvoker' uiAccess='false'" /manifest:embed /DEBUG /PDB:"F:\Scanner_C\ConsoleApplication1\Debug\ConsoleApplication1.pdb" /SUBSYSTEM:CONSOLE /TLBID:1 /DYNAMICBASE /NXCOMPAT /IMPLIB:"F:\Scanner_C\ConsoleApplication1\Debug\ConsoleApplication1.lib" /MACHINE:X86 Debug\Scanner.obj
         ConsoleApplication1.vcxproj -> F:\Scanner_C\ConsoleApplication1\Debug\ConsoleApplication1.exe
     1>Done Building Project "F:\Scanner_C\ConsoleApplication1\ConsoleApplication1\ConsoleApplication1.vcxproj" (Build target(s)).

Build succeeded.

Time Elapsed 00:00:00.97
